<?xml version="1.0" encoding="UTF-8"?>
<testsuite xmlns:xsi="http://www.w3.org/2001/XMLSchema-instance" xsi:noNamespaceSchemaLocation="https://maven.apache.org/surefire/maven-surefire-plugin/xsd/surefire-test-report.xsd" name="tests.SetupTest" time="100.542" tests="8" errors="0" skipped="0" failures="0">
  <properties>
[...]
</properties>
  <testcase name="testOpeningBrowserAndLoadingPage" classname="tests.SetupTest" time="9.303"/>
  <testcase name="testLogin" classname="tests.SetupTest" time="10.049"/>
  <testcase name="testRegisterUserInEcommerce" classname="tests.SetupTest" time="13.498"/>
  <testcase name="testAddProductToProductPage" classname="tests.SetupTest" time="12.468"/>
  <testcase name="testAccessCategoryTShirts" classname="tests.SetupTest" time="7.755"/>
  <testcase name="testAddProductToCartPage" classname="tests.SetupTest" time="12.632"/>
  <testcase name="testPurchaseCompletedInEcommerce" classname="tests.SetupTest" time="26.465"/>
  <testcase name="testSearch" classname="tests.SetupTest" time="8.129"/>
</testsuite>